<?xml version="1.0" encoding="UTF-8"?>
<testng-results ignored="0" total="1" passed="1" failed="0" skipped="0">
  <reporter-output>
  </reporter-output>
  <suite started-at="2024-11-29T14:37:39 IST" name="Suite" finished-at="2024-11-29T14:37:47 IST" duration-ms="8568">
    <groups>
    </groups>
    <test started-at="2024-11-29T14:37:39 IST" name="chromeTest" finished-at="2024-11-29T14:37:47 IST" duration-ms="8568">
      <class name="testscript.LoginTest">
        <test-method is-config="true" signature="initializeMethod(java.lang.String)[pri:0, instance:testscript.LoginTest@498d318c]" started-at="2024-11-29T14:37:39 IST" name="initializeMethod" finished-at="2024-11-29T14:37:45 IST" duration-ms="6774" status="PASS">
          <params>
            <param index="0">
              <value>
                <![CDATA[chrome]]>
              </value>
            </param>
          </params>
          <reporter-output>
          </reporter-output>
        </test-method> <!-- initializeMethod -->
        <test-method signature="verifymethod()[pri:0, instance:testscript.LoginTest@498d318c]" started-at="2024-11-29T14:37:45 IST" name="verifymethod" finished-at="2024-11-29T14:37:47 IST" duration-ms="1300" status="PASS">
          <reporter-output>
          </reporter-output>
        </test-method> <!-- verifymethod -->
        <test-method is-config="true" signature="afterMethod()[pri:0, instance:testscript.LoginTest@498d318c]" started-at="2024-11-29T14:37:47 IST" name="afterMethod" finished-at="2024-11-29T14:37:47 IST" duration-ms="402" status="PASS">
          <reporter-output>
          </reporter-output>
        </test-method> <!-- afterMethod -->
      </class> <!-- testscript.LoginTest -->
    </test> <!-- chromeTest -->
  </suite> <!-- Suite -->
</testng-results>
